Determining if files io.h exist failed with the following output:
Change Dir: /home/pamella/Documentos/softwares/gromacs-2022.1/build/CMakeFiles/CMakeTmp

Run Build Command(s):/usr/bin/gmake -f Makefile cmTC_6793a/fast && /usr/bin/gmake  -f CMakeFiles/cmTC_6793a.dir/build.make CMakeFiles/cmTC_6793a.dir/build
gmake[1]: Entrando no diretório '/home/pamella/Documentos/softwares/gromacs-2022.1/build/CMakeFiles/CMakeTmp'
Building C object CMakeFiles/cmTC_6793a.dir/HAVE_IO_H.c.o
/usr/bin/gcc    -o CMakeFiles/cmTC_6793a.dir/HAVE_IO_H.c.o -c /home/pamella/Documentos/softwares/gromacs-2022.1/build/CMakeFiles/CheckIncludeFiles/HAVE_IO_H.c
/home/pamella/Documentos/softwares/gromacs-2022.1/build/CMakeFiles/CheckIncludeFiles/HAVE_IO_H.c:2:10: fatal error: io.h: Arquivo ou diretório inexistente
    2 | #include <io.h>
      |          ^~~~~~
compilation terminated.
gmake[1]: *** [CMakeFiles/cmTC_6793a.dir/build.make:78: CMakeFiles/cmTC_6793a.dir/HAVE_IO_H.c.o] Erro 1
gmake[1]: Saindo do diretório '/home/pamella/Documentos/softwares/gromacs-2022.1/build/CMakeFiles/CMakeTmp'
gmake: *** [Makefile:127: cmTC_6793a/fast] Erro 2


Source:
/* */
#include <io.h>


int main(void){return 0;}

Determining if the _fileno exist failed with the following output:
Change Dir: /home/pamella/Documentos/softwares/gromacs-2022.1/build/CMakeFiles/CMakeTmp

Run Build Command(s):/usr/bin/gmake -f Makefile cmTC_d85e4/fast && /usr/bin/gmake  -f CMakeFiles/cmTC_d85e4.dir/build.make CMakeFiles/cmTC_d85e4.dir/build
gmake[1]: Entrando no diretório '/home/pamella/Documentos/softwares/gromacs-2022.1/build/CMakeFiles/CMakeTmp'
Building CXX object CMakeFiles/cmTC_d85e4.dir/CheckSymbolExists.cxx.o
/usr/bin/c++   -std=c++17 -o CMakeFiles/cmTC_d85e4.dir/CheckSymbolExists.cxx.o -c /home/pamella/Documentos/softwares/gromacs-2022.1/build/CMakeFiles/CMakeTmp/CheckSymbolExists.cxx
/home/pamella/Documentos/softwares/gromacs-2022.1/build/CMakeFiles/CMakeTmp/CheckSymbolExists.cxx: In function ‘int main(int, char**)’:
/home/pamella/Documentos/softwares/gromacs-2022.1/build/CMakeFiles/CMakeTmp/CheckSymbolExists.cxx:8:19: error: ‘_fileno’ was not declared in this scope; did you mean ‘fileno’?
    8 |   return ((int*)(&_fileno))[argc];
      |                   ^~~~~~~
      |                   fileno
gmake[1]: *** [CMakeFiles/cmTC_d85e4.dir/build.make:78: CMakeFiles/cmTC_d85e4.dir/CheckSymbolExists.cxx.o] Erro 1
gmake[1]: Saindo do diretório '/home/pamella/Documentos/softwares/gromacs-2022.1/build/CMakeFiles/CMakeTmp'
gmake: *** [Makefile:127: cmTC_d85e4/fast] Erro 2


File /home/pamella/Documentos/softwares/gromacs-2022.1/build/CMakeFiles/CMakeTmp/CheckSymbolExists.cxx:
/* */
#include <stdio.h>

int main(int argc, char** argv)
{
  (void)argv;
#ifndef _fileno
  return ((int*)(&_fileno))[argc];
#else
  (void)argc;
  return 0;
#endif
}
Determining if the _commit exist failed with the following output:
Change Dir: /home/pamella/Documentos/softwares/gromacs-2022.1/build/CMakeFiles/CMakeTmp

Run Build Command(s):/usr/bin/gmake -f Makefile cmTC_ae9c5/fast && /usr/bin/gmake  -f CMakeFiles/cmTC_ae9c5.dir/build.make CMakeFiles/cmTC_ae9c5.dir/build
gmake[1]: Entrando no diretório '/home/pamella/Documentos/softwares/gromacs-2022.1/build/CMakeFiles/CMakeTmp'
Building CXX object CMakeFiles/cmTC_ae9c5.dir/CheckSymbolExists.cxx.o
/usr/bin/c++   -std=c++17 -o CMakeFiles/cmTC_ae9c5.dir/CheckSymbolExists.cxx.o -c /home/pamella/Documentos/softwares/gromacs-2022.1/build/CMakeFiles/CMakeTmp/CheckSymbolExists.cxx
/home/pamella/Documentos/softwares/gromacs-2022.1/build/CMakeFiles/CMakeTmp/CheckSymbolExists.cxx:2:10: fatal error: io.h: Arquivo ou diretório inexistente
    2 | #include <io.h>
      |          ^~~~~~
compilation terminated.
gmake[1]: *** [CMakeFiles/cmTC_ae9c5.dir/build.make:78: CMakeFiles/cmTC_ae9c5.dir/CheckSymbolExists.cxx.o] Erro 1
gmake[1]: Saindo do diretório '/home/pamella/Documentos/softwares/gromacs-2022.1/build/CMakeFiles/CMakeTmp'
gmake: *** [Makefile:127: cmTC_ae9c5/fast] Erro 2


File /home/pamella/Documentos/softwares/gromacs-2022.1/build/CMakeFiles/CMakeTmp/CheckSymbolExists.cxx:
/* */
#include <io.h>

int main(int argc, char** argv)
{
  (void)argv;
#ifndef _commit
  return ((int*)(&_commit))[argc];
#else
  (void)argc;
  return 0;
#endif
}
Determining if the memalign exist failed with the following output:
Change Dir: /home/pamella/Documentos/softwares/gromacs-2022.1/build/CMakeFiles/CMakeTmp

Run Build Command(s):/usr/bin/gmake -f Makefile cmTC_ba048/fast && /usr/bin/gmake  -f CMakeFiles/cmTC_ba048.dir/build.make CMakeFiles/cmTC_ba048.dir/build
gmake[1]: Entrando no diretório '/home/pamella/Documentos/softwares/gromacs-2022.1/build/CMakeFiles/CMakeTmp'
Building CXX object CMakeFiles/cmTC_ba048.dir/CheckSymbolExists.cxx.o
/usr/bin/c++   -std=c++17 -o CMakeFiles/cmTC_ba048.dir/CheckSymbolExists.cxx.o -c /home/pamella/Documentos/softwares/gromacs-2022.1/build/CMakeFiles/CMakeTmp/CheckSymbolExists.cxx
/home/pamella/Documentos/softwares/gromacs-2022.1/build/CMakeFiles/CMakeTmp/CheckSymbolExists.cxx: In function ‘int main(int, char**)’:
/home/pamella/Documentos/softwares/gromacs-2022.1/build/CMakeFiles/CMakeTmp/CheckSymbolExists.cxx:8:19: error: ‘memalign’ was not declared in this scope
    8 |   return ((int*)(&memalign))[argc];
      |                   ^~~~~~~~
gmake[1]: *** [CMakeFiles/cmTC_ba048.dir/build.make:78: CMakeFiles/cmTC_ba048.dir/CheckSymbolExists.cxx.o] Erro 1
gmake[1]: Saindo do diretório '/home/pamella/Documentos/softwares/gromacs-2022.1/build/CMakeFiles/CMakeTmp'
gmake: *** [Makefile:127: cmTC_ba048/fast] Erro 2


File /home/pamella/Documentos/softwares/gromacs-2022.1/build/CMakeFiles/CMakeTmp/CheckSymbolExists.cxx:
/* */
#include <stdlib.h>

int main(int argc, char** argv)
{
  (void)argv;
#ifndef memalign
  return ((int*)(&memalign))[argc];
#else
  (void)argc;
  return 0;
#endif
}
Performing C SOURCE FILE Test C_xCORE_AVX512_qopt_zmm_usage_high_FLAG_ACCEPTED failed with the following output:
Change Dir: /home/pamella/Documentos/softwares/gromacs-2022.1/build/CMakeFiles/CMakeTmp

Run Build Command(s):/usr/bin/gmake -f Makefile cmTC_3a5e7/fast && /usr/bin/gmake  -f CMakeFiles/cmTC_3a5e7.dir/build.make CMakeFiles/cmTC_3a5e7.dir/build
gmake[1]: Entering directory '/home/pamella/Documentos/softwares/gromacs-2022.1/build/CMakeFiles/CMakeTmp'
Building C object CMakeFiles/cmTC_3a5e7.dir/src.c.o
/usr/bin/gcc -DC_xCORE_AVX512_qopt_zmm_usage_high_FLAG_ACCEPTED  -xCORE-AVX512 -qopt-zmm-usage=high -o CMakeFiles/cmTC_3a5e7.dir/src.c.o -c /home/pamella/Documentos/softwares/gromacs-2022.1/build/CMakeFiles/CMakeTmp/src.c
gcc: error: unrecognized command-line option '-qopt-zmm-usage=high'
gmake[1]: *** [CMakeFiles/cmTC_3a5e7.dir/build.make:78: CMakeFiles/cmTC_3a5e7.dir/src.c.o] Error 1
gmake[1]: Leaving directory '/home/pamella/Documentos/softwares/gromacs-2022.1/build/CMakeFiles/CMakeTmp'
gmake: *** [Makefile:127: cmTC_3a5e7/fast] Error 2


Source file was:
int main(void) { return 0; }
Performing C SOURCE FILE Test C_xCORE_AVX512_FLAG_ACCEPTED failed with the following output:
Change Dir: /home/pamella/Documentos/softwares/gromacs-2022.1/build/CMakeFiles/CMakeTmp

Run Build Command(s):/usr/bin/gmake -f Makefile cmTC_1fd1b/fast && /usr/bin/gmake  -f CMakeFiles/cmTC_1fd1b.dir/build.make CMakeFiles/cmTC_1fd1b.dir/build
gmake[1]: Entering directory '/home/pamella/Documentos/softwares/gromacs-2022.1/build/CMakeFiles/CMakeTmp'
Building C object CMakeFiles/cmTC_1fd1b.dir/src.c.o
/usr/bin/gcc -DC_xCORE_AVX512_FLAG_ACCEPTED  -xCORE-AVX512 -o CMakeFiles/cmTC_1fd1b.dir/src.c.o -c /home/pamella/Documentos/softwares/gromacs-2022.1/build/CMakeFiles/CMakeTmp/src.c
gcc: error: language CORE-AVX512 not recognized
gcc: error: language CORE-AVX512 not recognized
gmake[1]: *** [CMakeFiles/cmTC_1fd1b.dir/build.make:78: CMakeFiles/cmTC_1fd1b.dir/src.c.o] Error 1
gmake[1]: Leaving directory '/home/pamella/Documentos/softwares/gromacs-2022.1/build/CMakeFiles/CMakeTmp'
gmake: *** [Makefile:127: cmTC_1fd1b/fast] Error 2


Source file was:
int main(void) { return 0; }
Performing C++ SOURCE FILE Test CXX_xCORE_AVX512_qopt_zmm_usage_high_FLAG_ACCEPTED failed with the following output:
Change Dir: /home/pamella/Documentos/softwares/gromacs-2022.1/build/CMakeFiles/CMakeTmp

Run Build Command(s):/usr/bin/gmake -f Makefile cmTC_b506c/fast && /usr/bin/gmake  -f CMakeFiles/cmTC_b506c.dir/build.make CMakeFiles/cmTC_b506c.dir/build
gmake[1]: Entering directory '/home/pamella/Documentos/softwares/gromacs-2022.1/build/CMakeFiles/CMakeTmp'
Building CXX object CMakeFiles/cmTC_b506c.dir/src.cxx.o
/usr/bin/c++ -DCXX_xCORE_AVX512_qopt_zmm_usage_high_FLAG_ACCEPTED  -xCORE-AVX512 -qopt-zmm-usage=high -std=c++17 -o CMakeFiles/cmTC_b506c.dir/src.cxx.o -c /home/pamella/Documentos/softwares/gromacs-2022.1/build/CMakeFiles/CMakeTmp/src.cxx
c++: error: unrecognized command-line option '-qopt-zmm-usage=high'
gmake[1]: *** [CMakeFiles/cmTC_b506c.dir/build.make:78: CMakeFiles/cmTC_b506c.dir/src.cxx.o] Error 1
gmake[1]: Leaving directory '/home/pamella/Documentos/softwares/gromacs-2022.1/build/CMakeFiles/CMakeTmp'
gmake: *** [Makefile:127: cmTC_b506c/fast] Error 2


Source file was:
int main() { return 0; }
Performing C++ SOURCE FILE Test CXX_xCORE_AVX512_FLAG_ACCEPTED failed with the following output:
Change Dir: /home/pamella/Documentos/softwares/gromacs-2022.1/build/CMakeFiles/CMakeTmp

Run Build Command(s):/usr/bin/gmake -f Makefile cmTC_8114f/fast && /usr/bin/gmake  -f CMakeFiles/cmTC_8114f.dir/build.make CMakeFiles/cmTC_8114f.dir/build
gmake[1]: Entering directory '/home/pamella/Documentos/softwares/gromacs-2022.1/build/CMakeFiles/CMakeTmp'
Building CXX object CMakeFiles/cmTC_8114f.dir/src.cxx.o
/usr/bin/c++ -DCXX_xCORE_AVX512_FLAG_ACCEPTED  -xCORE-AVX512 -std=c++17 -o CMakeFiles/cmTC_8114f.dir/src.cxx.o -c /home/pamella/Documentos/softwares/gromacs-2022.1/build/CMakeFiles/CMakeTmp/src.cxx
c++: error: language CORE-AVX512 not recognized
c++: error: language CORE-AVX512 not recognized
gmake[1]: *** [CMakeFiles/cmTC_8114f.dir/build.make:78: CMakeFiles/cmTC_8114f.dir/src.cxx.o] Error 1
gmake[1]: Leaving directory '/home/pamella/Documentos/softwares/gromacs-2022.1/build/CMakeFiles/CMakeTmp'
gmake: *** [Makefile:127: cmTC_8114f/fast] Error 2


Source file was:
int main() { return 0; }
Performing C++ SOURCE FILE Test _callconv___vectorcall failed with the following output:
Change Dir: /home/pamella/Documentos/softwares/gromacs-2022.1/build/CMakeFiles/CMakeTmp

Run Build Command(s):/usr/bin/gmake -f Makefile cmTC_7fc18/fast && /usr/bin/gmake  -f CMakeFiles/cmTC_7fc18.dir/build.make CMakeFiles/cmTC_7fc18.dir/build
gmake[1]: Entrando no diretório '/home/pamella/Documentos/softwares/gromacs-2022.1/build/CMakeFiles/CMakeTmp'
Building CXX object CMakeFiles/cmTC_7fc18.dir/src.cxx.o
/usr/bin/c++ -D_callconv___vectorcall  -std=c++17 -o CMakeFiles/cmTC_7fc18.dir/src.cxx.o -c /home/pamella/Documentos/softwares/gromacs-2022.1/build/CMakeFiles/CMakeTmp/src.cxx
/home/pamella/Documentos/softwares/gromacs-2022.1/build/CMakeFiles/CMakeTmp/src.cxx:3:18: error: expected initializer before ‘f’
    3 | int __vectorcall f(int i) {return i;} int main(void) {return f(0);}
      |                  ^
/home/pamella/Documentos/softwares/gromacs-2022.1/build/CMakeFiles/CMakeTmp/src.cxx: In function ‘int main()’:
/home/pamella/Documentos/softwares/gromacs-2022.1/build/CMakeFiles/CMakeTmp/src.cxx:3:62: error: ‘f’ was not declared in this scope
    3 | int __vectorcall f(int i) {return i;} int main(void) {return f(0);}
      |                                                              ^
gmake[1]: *** [CMakeFiles/cmTC_7fc18.dir/build.make:78: CMakeFiles/cmTC_7fc18.dir/src.cxx.o] Erro 1
gmake[1]: Saindo do diretório '/home/pamella/Documentos/softwares/gromacs-2022.1/build/CMakeFiles/CMakeTmp'
gmake: *** [Makefile:127: cmTC_7fc18/fast] Erro 2


Source file was:

#pragma GCC diagnostic error "-Wignored-attributes"
int __vectorcall f(int i) {return i;} int main(void) {return f(0);}

Performing C++ SOURCE FILE Test _callconv___regcall failed with the following output:
Change Dir: /home/pamella/Documentos/softwares/gromacs-2022.1/build/CMakeFiles/CMakeTmp

Run Build Command(s):/usr/bin/gmake -f Makefile cmTC_e8a19/fast && /usr/bin/gmake  -f CMakeFiles/cmTC_e8a19.dir/build.make CMakeFiles/cmTC_e8a19.dir/build
gmake[1]: Entrando no diretório '/home/pamella/Documentos/softwares/gromacs-2022.1/build/CMakeFiles/CMakeTmp'
Building CXX object CMakeFiles/cmTC_e8a19.dir/src.cxx.o
/usr/bin/c++ -D_callconv___regcall  -std=c++17 -o CMakeFiles/cmTC_e8a19.dir/src.cxx.o -c /home/pamella/Documentos/softwares/gromacs-2022.1/build/CMakeFiles/CMakeTmp/src.cxx
/home/pamella/Documentos/softwares/gromacs-2022.1/build/CMakeFiles/CMakeTmp/src.cxx:3:15: error: expected initializer before ‘f’
    3 | int __regcall f(int i) {return i;} int main(void) {return f(0);}
      |               ^
/home/pamella/Documentos/softwares/gromacs-2022.1/build/CMakeFiles/CMakeTmp/src.cxx: In function ‘int main()’:
/home/pamella/Documentos/softwares/gromacs-2022.1/build/CMakeFiles/CMakeTmp/src.cxx:3:59: error: ‘f’ was not declared in this scope
    3 | int __regcall f(int i) {return i;} int main(void) {return f(0);}
      |                                                           ^
gmake[1]: *** [CMakeFiles/cmTC_e8a19.dir/build.make:78: CMakeFiles/cmTC_e8a19.dir/src.cxx.o] Erro 1
gmake[1]: Saindo do diretório '/home/pamella/Documentos/softwares/gromacs-2022.1/build/CMakeFiles/CMakeTmp'
gmake: *** [Makefile:127: cmTC_e8a19/fast] Erro 2


Source file was:

#pragma GCC diagnostic error "-Wignored-attributes"
int __regcall f(int i) {return i;} int main(void) {return f(0);}

Determining if the function sgemm_ exists failed with the following output:
Change Dir: /home/pamella/Documentos/softwares/gromacs-2022.1/build/CMakeFiles/CMakeTmp

Run Build Command(s):/usr/bin/gmake -f Makefile cmTC_3e683/fast && /usr/bin/gmake  -f CMakeFiles/cmTC_3e683.dir/build.make CMakeFiles/cmTC_3e683.dir/build
gmake[1]: Entrando no diretório '/home/pamella/Documentos/softwares/gromacs-2022.1/build/CMakeFiles/CMakeTmp'
Building C object CMakeFiles/cmTC_3e683.dir/CheckFunctionExists.c.o
/usr/bin/gcc   -DCHECK_FUNCTION_EXISTS=sgemm_ -o CMakeFiles/cmTC_3e683.dir/CheckFunctionExists.c.o -c /usr/share/cmake-3.22/Modules/CheckFunctionExists.c
Linking C executable cmTC_3e683
/usr/bin/cmake -E cmake_link_script CMakeFiles/cmTC_3e683.dir/link.txt --verbose=1
/usr/bin/gcc  -DCHECK_FUNCTION_EXISTS=sgemm_ CMakeFiles/cmTC_3e683.dir/CheckFunctionExists.c.o -o cmTC_3e683 
/usr/bin/ld: CMakeFiles/cmTC_3e683.dir/CheckFunctionExists.c.o: na função "main":
CheckFunctionExists.c:(.text+0x14): referência não definida para "sgemm_"
collect2: error: ld returned 1 exit status
gmake[1]: *** [CMakeFiles/cmTC_3e683.dir/build.make:99: cmTC_3e683] Erro 1
gmake[1]: Saindo do diretório '/home/pamella/Documentos/softwares/gromacs-2022.1/build/CMakeFiles/CMakeTmp'
gmake: *** [Makefile:127: cmTC_3e683/fast] Erro 2



Performing C++ SOURCE FILE Test HAS_WARNING_EVERYTHING failed with the following output:
Change Dir: /home/pamella/Documentos/softwares/gromacs-2022.1/build/CMakeFiles/CMakeTmp

Run Build Command(s):/usr/bin/gmake -f Makefile cmTC_f2c31/fast && /usr/bin/gmake  -f CMakeFiles/cmTC_f2c31.dir/build.make CMakeFiles/cmTC_f2c31.dir/build
gmake[1]: Entering directory '/home/pamella/Documentos/softwares/gromacs-2022.1/build/CMakeFiles/CMakeTmp'
Building CXX object CMakeFiles/cmTC_f2c31.dir/src.cxx.o
/usr/bin/c++ -DHAS_WARNING_EVERYTHING  -Weverything -std=c++17 -o CMakeFiles/cmTC_f2c31.dir/src.cxx.o -c /home/pamella/Documentos/softwares/gromacs-2022.1/build/CMakeFiles/CMakeTmp/src.cxx
c++: error: unrecognized command-line option '-Weverything'
gmake[1]: *** [CMakeFiles/cmTC_f2c31.dir/build.make:78: CMakeFiles/cmTC_f2c31.dir/src.cxx.o] Error 1
gmake[1]: Leaving directory '/home/pamella/Documentos/softwares/gromacs-2022.1/build/CMakeFiles/CMakeTmp'
gmake: *** [Makefile:127: cmTC_f2c31/fast] Error 2


Source file was:
int main() { return 0; }
